<?xml version="1.0" encoding="UTF-8"?>
<!-- Generated by org.testng.reporters.JUnitXMLReporter -->
<testsuite ignored="1" hostname="KC-LP098" failures="0" tests="3" name="Test" time="38.514" errors="0" timestamp="2024-01-26T09:21:15 IST">
  <testcase classname="com.testScripts.TC002_AddToCart_Test" name="addToCart" time="3.375"/>
  <testcase classname="com.testScripts.TC002_AddToCart_Test" name="addToCart" time="3.564"/>
  <testcase classname="com.testScripts.TC003_RemoveFromCart_Test" name="removeFromCart" time="2.706"/>
  <testcase classname="com.testScripts.TC001_Search_Test" name="searchTest" time="0.0">
    <ignored/>
  </testcase> <!-- searchTest -->
</testsuite> <!-- Test -->
