<?xml version="1.0" encoding="UTF-8"?>
<testng-results ignored="0" total="1" passed="1" failed="0" skipped="0">
  <reporter-output>
  </reporter-output>
  <suite started-at="2024-02-03T13:06:12 IST" name="Default suite" finished-at="2024-02-03T13:06:31 IST" duration-ms="18855">
    <groups>
    </groups>
    <test started-at="2024-02-03T13:06:12 IST" name="Default test" finished-at="2024-02-03T13:06:31 IST" duration-ms="18855">
      <class name="com.learning_TestNG.Learning_Extent_Reports">
        <test-method signature="loginTest()[pri:0, instance:com.learning_TestNG.Learning_Extent_Reports@6221a451]" started-at="2024-02-03T13:06:12 IST" name="loginTest" finished-at="2024-02-03T13:06:31 IST" duration-ms="18797" status="PASS">
          <reporter-output>
          </reporter-output>
        </test-method> <!-- loginTest -->
      </class> <!-- com.learning_TestNG.Learning_Extent_Reports -->
    </test> <!-- Default test -->
  </suite> <!-- Default suite -->
</testng-results>
